<?xml version="1.0" encoding="UTF-8"?>
<!-- Generated by org.testng.reporters.JUnitReportReporter -->
<testsuite hostname="LTIN425900" failures="0" tests="1" name="basics.Assignment" time="19.940" errors="0" timestamp="2023-11-18T12:29:42 IST" skipped="0">
  <testcase classname="basics.Assignment" name="practice" time="19.940"/>
</testsuite> <!-- basics.Assignment -->
