<?xml version="1.0" encoding="UTF-8"?>
<!-- Generated by org.testng.reporters.JUnitReportReporter -->
<testsuite hostname="LTIN425900" failures="0" tests="1" name="basics.ScrollDemo" time="9.620" errors="0" timestamp="2023-11-18T10:50:27 IST" skipped="0">
  <testcase classname="basics.ScrollDemo" name="ScrollDemoTest" time="9.620"/>
</testsuite> <!-- basics.ScrollDemo -->
