<?xml version="1.0" encoding="UTF-8"?>
<!-- Generated by org.testng.reporters.JUnitReportReporter -->
<testsuite hostname="LTIN425900" failures="0" tests="1" name="basics.Ecommerce_tc1" time="40.739" errors="0" timestamp="2023-11-21T15:48:58 IST" skipped="0">
  <testcase classname="basics.Ecommerce_tc1" name="fillForm" time="40.739"/>
</testsuite> <!-- basics.Ecommerce_tc1 -->
