<?xml version="1.0" encoding="UTF-8"?>
<!-- Generated by org.testng.reporters.JUnitReportReporter -->
<testsuite hostname="LTIN425900" failures="0" tests="1" name="basics.Ecommerce_tc3" time="66.606" errors="0" timestamp="2023-11-27T18:44:58 IST" skipped="0">
  <testcase classname="basics.Ecommerce_tc3" name="fillForm" time="66.606"/>
</testsuite> <!-- basics.Ecommerce_tc3 -->
