<?xml version="1.0" encoding="UTF-8"?>
<!-- Generated by org.testng.reporters.JUnitReportReporter -->
<testsuite hostname="LTIN420967" failures="0" tests="1" name="mobileBrowserTest.BrowserTest" time="2.674" errors="0" timestamp="2023-11-28T12:50:27 IST" skipped="0">
  <testcase classname="mobileBrowserTest.BrowserTest" name="mobileBrowser" time="2.674"/>
</testsuite> <!-- mobileBrowserTest.BrowserTest -->
