<?xml version="1.0" encoding="UTF-8"?>
<!-- Generated by org.testng.reporters.JUnitReportReporter -->
<testsuite hostname="LTIN425900" failures="0" tests="1" name="basics.LongPressGesture" time="8.331" errors="0" timestamp="2023-11-18T10:51:18 IST" skipped="0">
  <testcase classname="basics.LongPressGesture" name="longPress" time="8.331"/>
</testsuite> <!-- basics.LongPressGesture -->
