<?xml version="1.0" encoding="UTF-8"?>
<!-- Generated by org.testng.reporters.JUnitReportReporter -->
<testsuite hostname="LTIN425900" failures="0" tests="1" name="basics.SwipeDemo" time="4.596" errors="0" timestamp="2023-11-18T10:49:36 IST" skipped="0">
  <testcase classname="basics.SwipeDemo" name="swipeGesture" time="4.596"/>
</testsuite> <!-- basics.SwipeDemo -->
