<?xml version="1.0" encoding="UTF-8"?>
<!-- Generated by org.testng.reporters.JUnitReportReporter -->
<testsuite hostname="LTIN425900" failures="0" tests="1" name="basics.AppiumBasics" time="4.591" errors="0" timestamp="2023-11-18T18:51:52 IST" skipped="0">
  <testcase classname="basics.AppiumBasics" name="appiumTest" time="4.591"/>
</testsuite> <!-- basics.AppiumBasics -->
