<?xml version="1.0" encoding="UTF-8"?>
<!-- Generated by org.testng.reporters.JUnitReportReporter -->
<testsuite hostname="LTIN420967" failures="0" tests="1" name="E_Commerce.Ecommerce_tc1" time="38.556" errors="0" timestamp="2023-11-28T12:51:44 IST" skipped="0">
  <testcase classname="E_Commerce.Ecommerce_tc1" name="fillForm" time="38.556"/>
</testsuite> <!-- E_Commerce.Ecommerce_tc1 -->
