<?xml version="1.0" encoding="UTF-8"?>
<!-- Generated by org.testng.reporters.JUnitReportReporter -->
<testsuite hostname="LTIN420967" failures="0" tests="1" name="basics.DragAndDrop" time="3.496" errors="0" timestamp="2023-11-28T11:27:52 IST" skipped="0">
  <testcase classname="basics.DragAndDrop" name="dragAndDropGesture" time="3.496"/>
</testsuite> <!-- basics.DragAndDrop -->
