<?xml version="1.0" encoding="UTF-8"?>
<!-- Generated by org.testng.reporters.JUnitReportReporter -->
<testsuite hostname="LTIN425900" failures="0" tests="1" name="basics.MiscellaneousTest" time="14.014" errors="0" timestamp="2023-11-27T15:39:26 IST" skipped="0">
  <testcase classname="basics.MiscellaneousTest" name="appiumTest" time="14.014"/>
</testsuite> <!-- basics.MiscellaneousTest -->
