<?xml version="1.0" encoding="UTF-8"?>
<!-- Generated by org.testng.reporters.JUnitReportReporter -->
<testsuite hostname="LTIN425900" failures="0" tests="1" name="basics.Ecommerce_tc2" time="43.563" errors="0" timestamp="2023-11-22T10:48:02 IST" skipped="0">
  <testcase classname="basics.Ecommerce_tc2" name="fillForm" time="43.563"/>
</testsuite> <!-- basics.Ecommerce_tc2 -->
